<?xml version="1.0" encoding="UTF-8"?>
<!-- Generated by org.testng.reporters.JUnitReportReporter -->
<testsuite skipped="0" hostname="Magdalenas-MacBook-Air.local" name="cucumberOptions.TestRunnerParallel2" tests="2" failures="1" timestamp="2020-04-15T10:09:09 CEST" time="27.658" errors="0">
  <testcase name="runScenario" time="14.579" classname="cucumberOptions.TestRunnerParallel2">
    <failure type="java.lang.AssertionError" message="There is a difference between the actual homePageModified image and the expected image expected [true] but found [false]">
      <![CDATA[java.lang.AssertionError: There is a difference between the actual homePageModified image and the expected image expected [true] but found [false]
at org.testng.Assert.fail(Assert.java:97)
at org.testng.Assert.failNotEquals(Assert.java:969)
at org.testng.Assert.assertTrue(Assert.java:43)
at stepDefinitions.DemoQAStepDefinitions.ui_is_as_expected(DemoQAStepDefinitions.java:23)
at ✽."homePageModified" UI is as expected(file:///Users/Juan/SeleniumProject/WebAutomation/src/test/java/features/ImageComparison2.feature:8)
]]>
    </failure>
  </testcase> <!-- runScenario -->
  <system-out/>
  <testcase name="runScenario" time="13.079" classname="cucumberOptions.TestRunnerParallel2"/>
  <system-out/>
</testsuite> <!-- cucumberOptions.TestRunnerParallel2 -->
